RRSHARE>> 
  [33m[1mWarning:[0m to view this Streamlit app on a browser, run it with the following
  command:

    streamlit run /home/rome/.local/bin/rrshare [ARGUMENTS]
2021-10-01 08:30:53.866 
  [33m[1mWarning:[0m to view this Streamlit app on a browser, run it with the following
  command:

    streamlit run /home/rome/.local/bin/rrshare [ARGUMENTS]
/home/rome/.rrshare/setting/config.json
2021-09-30
2021-10-01 08:30:53.721199
False
False
3.9.30
Usage: rrshare [OPTIONS] COMMAND [ARGS]...

  è¾“å…¥ rrshare [COMMAND] --help æŸ¥çœ‹å‘½ä»¤è¯¦æƒ… ä¾‹å¦‚ï¼šrrshare update --help

Options:
  -h, --help  Show this message and exit.

Commands:
  ipython           æ‰“å¼€ ipython
  make-config-path  make dir setting config path .rrsdk /setting/--> add...
  realtime-prs      run Timer.py --> start realtime PRS
  record-data       update all stock and swl data and save to pgsql
  start-streamlit   start streamlit run PRS.py
  version           è·å–ç‰ˆæœ¬ä¿¡æ¯
